<?xml version="1.0" encoding="UTF-8"?>
<testsuite name="com.David_MacRo.WeatherForecastApp.WeatherForecastAppApplicationTests" tests="1" skipped="0" failures="0" errors="0" timestamp="2024-11-07T02:20:09" hostname="Davids-MacBook-Air-2.local" time="0.329">
  <properties/>
  <testcase name="contextLoads()" classname="com.David_MacRo.WeatherForecastApp.WeatherForecastAppApplicationTests" time="0.329"/>
  <system-out><![CDATA[18:20:07.696 [Test worker] INFO org.springframework.test.context.support.AnnotationConfigContextLoaderUtils -- Could not detect default configuration classes for test class [com.David_MacRo.WeatherForecastApp.WeatherForecastAppApplicationTests]: WeatherForecastAppApplicationTests does not declare any static, non-private, non-final, nested classes annotated with @Configuration.
18:20:07.735 [Test worker] INFO org.springframework.boot.test.context.SpringBootTestContextBootstrapper -- Found @SpringBootConfiguration com.David_MacRo.WeatherForecastApp.WeatherForecastApp for test class com.David_MacRo.WeatherForecastApp.WeatherForecastAppApplicationTests

  .   ____          _            __ _ _
 /\\ / ___'_ __ _ _(_)_ __  __ _ \ \ \ \
( ( )\___ | '_ | '_| | '_ \/ _` | \ \ \ \
 \\/  ___)| |_)| | | | | || (_| |  ) ) ) )
  '  |____| .__|_| |_|_| |_\__, | / / / /
 =========|_|==============|___/=/_/_/_/

 :: Spring Boot ::                (v3.3.5)

2024-11-06T18:20:07.870-08:00  INFO 33979 --- [WeatherForecastApp] [    Test worker] c.D.W.WeatherForecastAppApplicationTests : Starting WeatherForecastAppApplicationTests using Java 17.0.12 with PID 33979 (started by david in /Users/david/Documents/Local CSCI Files/CSCI 13/Java/WeatherApp)
2024-11-06T18:20:07.870-08:00  INFO 33979 --- [WeatherForecastApp] [    Test worker] c.D.W.WeatherForecastAppApplicationTests : No active profile set, falling back to 1 default profile: "default"
2024-11-06T18:20:08.190-08:00  INFO 33979 --- [WeatherForecastApp] [    Test worker] .s.d.r.c.RepositoryConfigurationDelegate : Bootstrapping Spring Data JPA repositories in DEFAULT mode.
2024-11-06T18:20:08.203-08:00  INFO 33979 --- [WeatherForecastApp] [    Test worker] .s.d.r.c.RepositoryConfigurationDelegate : Finished Spring Data repository scanning in 10 ms. Found 0 JPA repository interfaces.
2024-11-06T18:20:08.385-08:00  INFO 33979 --- [WeatherForecastApp] [    Test worker] com.zaxxer.hikari.HikariDataSource       : HikariPool-1 - Starting...
2024-11-06T18:20:08.461-08:00  INFO 33979 --- [WeatherForecastApp] [    Test worker] com.zaxxer.hikari.pool.HikariPool        : HikariPool-1 - Added connection conn0: url=jdbc:h2:mem:bfc30ffc-6962-4c61-8cea-7bb53f9a52ee user=SA
2024-11-06T18:20:08.461-08:00  INFO 33979 --- [WeatherForecastApp] [    Test worker] com.zaxxer.hikari.HikariDataSource       : HikariPool-1 - Start completed.
2024-11-06T18:20:08.480-08:00  INFO 33979 --- [WeatherForecastApp] [    Test worker] o.hibernate.jpa.internal.util.LogHelper  : HHH000204: Processing PersistenceUnitInfo [name: default]
2024-11-06T18:20:08.544-08:00  INFO 33979 --- [WeatherForecastApp] [    Test worker] org.hibernate.Version                    : HHH000412: Hibernate ORM core version 6.5.3.Final
2024-11-06T18:20:08.558-08:00  INFO 33979 --- [WeatherForecastApp] [    Test worker] o.h.c.internal.RegionFactoryInitiator    : HHH000026: Second-level cache disabled
2024-11-06T18:20:08.662-08:00  INFO 33979 --- [WeatherForecastApp] [    Test worker] o.s.o.j.p.SpringPersistenceUnitInfo      : No LoadTimeWeaver setup: ignoring JPA class transformer
2024-11-06T18:20:08.799-08:00  INFO 33979 --- [WeatherForecastApp] [    Test worker] o.h.e.t.j.p.i.JtaPlatformInitiator       : HHH000489: No JTA platform available (set 'hibernate.transaction.jta.platform' to enable JTA platform integration)
2024-11-06T18:20:08.801-08:00  INFO 33979 --- [WeatherForecastApp] [    Test worker] j.LocalContainerEntityManagerFactoryBean : Initialized JPA EntityManagerFactory for persistence unit 'default'
2024-11-06T18:20:08.894-08:00  WARN 33979 --- [WeatherForecastApp] [    Test worker] JpaBaseConfiguration$JpaWebConfiguration : spring.jpa.open-in-view is enabled by default. Therefore, database queries may be performed during view rendering. Explicitly configure spring.jpa.open-in-view to disable this warning
2024-11-06T18:20:09.076-08:00  INFO 33979 --- [WeatherForecastApp] [    Test worker] c.D.W.WeatherForecastAppApplicationTests : Started WeatherForecastAppApplicationTests in 1.291 seconds (process running for 1.728)
]]></system-out>
  <system-err><![CDATA[]]></system-err>
</testsuite>
